111.04.13 10:09 B C:\temp\OrganoGoldWeb\04-07-2011\www\css\images\splash_images\austria.png <-- clientftp.office2office.com /css/images/splash_images austria.png
111.04.13 10:09 B C:\temp\OrganoGoldWeb\04-07-2011\www\css\images\splash_images\bullets.png <-- clientftp.office2office.com /css/images/splash_images bullets.png
111.04.13 10:09 B C:\temp\OrganoGoldWeb\04-07-2011\www\css\images\splash_images\canada.png <-- clientftp.office2office.com /css/images/splash_images canada.png
111.04.13 10:09 B C:\temp\OrganoGoldWeb\04-07-2011\www\css\images\splash_images\germany.png <-- clientftp.office2office.com /css/images/splash_images germany.png
111.04.13 10:09 B C:\temp\OrganoGoldWeb\04-07-2011\www\css\images\splash_images\greece.png <-- clientftp.office2office.com /css/images/splash_images greece.png
111.04.13 10:09 B C:\temp\OrganoGoldWeb\04-07-2011\www\css\images\splash_images\jamaica.png <-- clientftp.office2office.com /css/images/splash_images jamaica.png
111.04.13 10:09 B C:\temp\OrganoGoldWeb\04-07-2011\www\css\images\splash_images\logo_welcome.jpg <-- clientftp.office2office.com /css/images/splash_images logo_welcome.jpg
111.04.13 10:09 B C:\temp\OrganoGoldWeb\04-07-2011\www\css\images\splash_images\mexico.png <-- clientftp.office2office.com /css/images/splash_images mexico.png
111.04.13 10:09 B C:\temp\OrganoGoldWeb\04-07-2011\www\css\images\splash_images\netherlands.png <-- clientftp.office2office.com /css/images/splash_images netherlands.png
111.04.13 10:09 B C:\temp\OrganoGoldWeb\04-07-2011\www\css\images\splash_images\peru.png <-- clientftp.office2office.com /css/images/splash_images peru.png
111.04.13 10:09 B C:\temp\OrganoGoldWeb\04-07-2011\www\css\images\splash_images\philippines.png <-- clientftp.office2office.com /css/images/splash_images philippines.png
111.04.13 10:09 B C:\temp\OrganoGoldWeb\04-07-2011\www\css\images\splash_images\uk.png <-- clientftp.office2office.com /css/images/splash_images uk.png
111.04.13 10:09 B C:\temp\OrganoGoldWeb\04-07-2011\www\css\images\splash_images\usa.png <-- clientftp.office2office.com /css/images/splash_images usa.png
111.04.13 10:51 B C:\temp\OrganoGoldWeb\04-07-2011\www\css\images\splash_images\austria.png --> clientftp.office2office.com /www/css/images/splash_images austria.png
111.04.13 10:51 B C:\temp\OrganoGoldWeb\04-07-2011\www\css\images\splash_images\bullets.png --> clientftp.office2office.com /www/css/images/splash_images bullets.png
111.04.13 10:51 B C:\temp\OrganoGoldWeb\04-07-2011\www\css\images\splash_images\canada.png --> clientftp.office2office.com /www/css/images/splash_images canada.png
111.04.13 10:51 B C:\temp\OrganoGoldWeb\04-07-2011\www\css\images\splash_images\germany.png --> clientftp.office2office.com /www/css/images/splash_images germany.png
111.04.13 10:51 B C:\temp\OrganoGoldWeb\04-07-2011\www\css\images\splash_images\greece.png --> clientftp.office2office.com /www/css/images/splash_images greece.png
111.04.13 10:51 B C:\temp\OrganoGoldWeb\04-07-2011\www\css\images\splash_images\jamaica.png --> clientftp.office2office.com /www/css/images/splash_images jamaica.png
111.04.13 10:51 B C:\temp\OrganoGoldWeb\04-07-2011\www\css\images\splash_images\logo_welcome.jpg --> clientftp.office2office.com /www/css/images/splash_images logo_welcome.jpg
111.04.13 10:51 B C:\temp\OrganoGoldWeb\04-07-2011\www\css\images\splash_images\mexico.png --> clientftp.office2office.com /www/css/images/splash_images mexico.png
111.04.13 10:51 B C:\temp\OrganoGoldWeb\04-07-2011\www\css\images\splash_images\netherlands.png --> clientftp.office2office.com /www/css/images/splash_images netherlands.png
111.04.13 10:51 B C:\temp\OrganoGoldWeb\04-07-2011\www\css\images\splash_images\peru.png --> clientftp.office2office.com /www/css/images/splash_images peru.png
111.04.13 10:51 B C:\temp\OrganoGoldWeb\04-07-2011\www\css\images\splash_images\philippines.png --> clientftp.office2office.com /www/css/images/splash_images philippines.png
111.04.13 10:51 B C:\temp\OrganoGoldWeb\04-07-2011\www\css\images\splash_images\uk.png --> clientftp.office2office.com /www/css/images/splash_images uk.png
111.04.13 10:51 B C:\temp\OrganoGoldWeb\04-07-2011\www\css\images\splash_images\usa.png --> clientftp.office2office.com /www/css/images/splash_images usa.png
111.06.15 14:21 B C:\temp\OrganoGoldWeb\06-02-2011\www\css\images\splash_images\ws_ftp.log <-- clientftp.office2office.com /www/css/images/splash_images ws_ftp.log
111.06.15 14:22 B C:\temp\OrganoGoldWeb\06-02-2011\www\css\images\splash_images\austria.png --> clientftp.office2office.com /css/images austria.png
111.06.15 14:22 B C:\temp\OrganoGoldWeb\06-02-2011\www\css\images\splash_images\bullets.png --> clientftp.office2office.com /css/images bullets.png
111.06.15 14:22 B C:\temp\OrganoGoldWeb\06-02-2011\www\css\images\splash_images\canada.png --> clientftp.office2office.com /css/images canada.png
111.06.15 14:22 B C:\temp\OrganoGoldWeb\06-02-2011\www\css\images\splash_images\chile.png --> clientftp.office2office.com /css/images chile.png
111.06.15 14:22 B C:\temp\OrganoGoldWeb\06-02-2011\www\css\images\splash_images\germany.png --> clientftp.office2office.com /css/images germany.png
111.06.15 14:22 B C:\temp\OrganoGoldWeb\06-02-2011\www\css\images\splash_images\greece.png --> clientftp.office2office.com /css/images greece.png
111.06.15 14:22 B C:\temp\OrganoGoldWeb\06-02-2011\www\css\images\splash_images\jamaica.png --> clientftp.office2office.com /css/images jamaica.png
111.06.15 14:22 B C:\temp\OrganoGoldWeb\06-02-2011\www\css\images\splash_images\logo_welcome.jpg --> clientftp.office2office.com /css/images logo_welcome.jpg
111.06.15 14:22 B C:\temp\OrganoGoldWeb\06-02-2011\www\css\images\splash_images\mexico.png --> clientftp.office2office.com /css/images mexico.png
111.06.15 14:22 B C:\temp\OrganoGoldWeb\06-02-2011\www\css\images\splash_images\netherlands.png --> clientftp.office2office.com /css/images netherlands.png
111.06.15 14:22 B C:\temp\OrganoGoldWeb\06-02-2011\www\css\images\splash_images\peru.png --> clientftp.office2office.com /css/images peru.png
111.06.15 14:22 B C:\temp\OrganoGoldWeb\06-02-2011\www\css\images\splash_images\philippines.png --> clientftp.office2office.com /css/images philippines.png
111.06.15 14:22 B C:\temp\OrganoGoldWeb\06-02-2011\www\css\images\splash_images\uk.png --> clientftp.office2office.com /css/images uk.png
111.06.15 14:22 B C:\temp\OrganoGoldWeb\06-02-2011\www\css\images\splash_images\usa.png --> clientftp.office2office.com /css/images usa.png
