111.04.13 10:09 B C:\temp\OrganoGoldWeb\04-07-2011\www\css\images\splash_images\copy\.DS_Store <-- clientftp.office2office.com /css/images/splash_images/copy .DS_Store
111.04.13 10:09 B C:\temp\OrganoGoldWeb\04-07-2011\www\css\images\splash_images\copy\100.jpg <-- clientftp.office2office.com /css/images/splash_images/copy 100.jpg
111.04.13 10:09 B C:\temp\OrganoGoldWeb\04-07-2011\www\css\images\splash_images\copy\bringing.jpg <-- clientftp.office2office.com /css/images/splash_images/copy bringing.jpg
111.04.13 10:09 B C:\temp\OrganoGoldWeb\04-07-2011\www\css\images\splash_images\copy\change.jpg <-- clientftp.office2office.com /css/images/splash_images/copy change.jpg
111.04.13 10:09 B C:\temp\OrganoGoldWeb\04-07-2011\www\css\images\splash_images\copy\easy.jpg <-- clientftp.office2office.com /css/images/splash_images/copy easy.jpg
111.04.13 10:09 B C:\temp\OrganoGoldWeb\04-07-2011\www\css\images\splash_images\copy\feel_good.jpg <-- clientftp.office2office.com /css/images/splash_images/copy feel_good.jpg
111.04.13 10:09 B C:\temp\OrganoGoldWeb\04-07-2011\www\css\images\splash_images\copy\gourmet.jpg <-- clientftp.office2office.com /css/images/splash_images/copy gourmet.jpg
111.04.13 10:51 B C:\temp\OrganoGoldWeb\04-07-2011\www\css\images\splash_images\copy\.DS_Store --> clientftp.office2office.com /www/css/images/splash_images/copy .DS_Store
111.04.13 10:51 B C:\temp\OrganoGoldWeb\04-07-2011\www\css\images\splash_images\copy\100.jpg --> clientftp.office2office.com /www/css/images/splash_images/copy 100.jpg
111.04.13 10:51 B C:\temp\OrganoGoldWeb\04-07-2011\www\css\images\splash_images\copy\bringing.jpg --> clientftp.office2office.com /www/css/images/splash_images/copy bringing.jpg
111.04.13 10:51 B C:\temp\OrganoGoldWeb\04-07-2011\www\css\images\splash_images\copy\change.jpg --> clientftp.office2office.com /www/css/images/splash_images/copy change.jpg
111.04.13 10:51 B C:\temp\OrganoGoldWeb\04-07-2011\www\css\images\splash_images\copy\easy.jpg --> clientftp.office2office.com /www/css/images/splash_images/copy easy.jpg
111.04.13 10:51 B C:\temp\OrganoGoldWeb\04-07-2011\www\css\images\splash_images\copy\feel_good.jpg --> clientftp.office2office.com /www/css/images/splash_images/copy feel_good.jpg
111.04.13 10:51 B C:\temp\OrganoGoldWeb\04-07-2011\www\css\images\splash_images\copy\gourmet.jpg --> clientftp.office2office.com /www/css/images/splash_images/copy gourmet.jpg
111.06.15 14:21 B C:\temp\OrganoGoldWeb\06-02-2011\www\css\images\splash_images\copy\ws_ftp.log <-- clientftp.office2office.com /www/css/images/splash_images/copy ws_ftp.log
111.06.15 14:22 B C:\temp\OrganoGoldWeb\06-02-2011\www\css\images\splash_images\copy\.DS_Store --> clientftp.office2office.com /css/images/splash_images/copy .DS_Store
111.06.15 14:22 B C:\temp\OrganoGoldWeb\06-02-2011\www\css\images\splash_images\copy\100.jpg --> clientftp.office2office.com /css/images/splash_images/copy 100.jpg
111.06.15 14:22 B C:\temp\OrganoGoldWeb\06-02-2011\www\css\images\splash_images\copy\bringing.jpg --> clientftp.office2office.com /css/images/splash_images/copy bringing.jpg
111.06.15 14:22 B C:\temp\OrganoGoldWeb\06-02-2011\www\css\images\splash_images\copy\change.jpg --> clientftp.office2office.com /css/images/splash_images/copy change.jpg
111.06.15 14:22 B C:\temp\OrganoGoldWeb\06-02-2011\www\css\images\splash_images\copy\easy.jpg --> clientftp.office2office.com /css/images/splash_images/copy easy.jpg
111.06.15 14:22 B C:\temp\OrganoGoldWeb\06-02-2011\www\css\images\splash_images\copy\feel_good.jpg --> clientftp.office2office.com /css/images/splash_images/copy feel_good.jpg
111.06.15 14:22 B C:\temp\OrganoGoldWeb\06-02-2011\www\css\images\splash_images\copy\gourmet.jpg --> clientftp.office2office.com /css/images/splash_images/copy gourmet.jpg
